checking for -mno-cygwin... no
Failed commandline was:
--------------------------------------------------
gcc conftest.c  -Wall -I. -I$(SRCPATH) -mno-cygwin   -o conftest
gcc: The -mno-cygwin flag has been removed; use a mingw-targeted cross-compiler.

--------------------------------------------------
Failed program was:
--------------------------------------------------
int main () {  return 0; }
--------------------------------------------------
checking whether defined(__CYGWIN32__) is true... yes
x264 configure script

checking whether gcc works... yes
checking whether gcc supports for( int i = 0; i < 9; i++ ); with -std=gnu99... yes
checking whether yasm supports vpmovzxwd ymm0, xmm0... yes
checking whether gcc supports __asm__("pabsw %xmm0, %xmm0");... yes
checking for -mpreferred-stack-boundary=5... yes
checking for pthread.h... yes
checking for return log2f(2); in math.h... yes
checking for sws_init_context(0,0,0); in libswscale/swscale.h... no
Failed commandline was:
--------------------------------------------------
gcc conftest.c -m32  -Wall -I. -I$(SRCPATH) -march=i686 -mfpmath=sse -msse -std=gnu99 -mpreferred-stack-boundary=5  -lswscale -lavutil  -m32   -Wl,--large-address-aware -Wl,--nxcompat -Wl,--dynamicbase -lpthread -o conftest
conftest.c:1:32: 致命错误：libswscale/swscale.h：No such file or directory
编译中断。
--------------------------------------------------
Failed program was:
--------------------------------------------------
#include <libswscale/swscale.h>
int main () { sws_init_context(0,0,0); return 0; }
--------------------------------------------------
checking for -lpostproc... no
Failed commandline was:
--------------------------------------------------
gcc conftest.c -m32  -Wall -I. -I$(SRCPATH) -march=i686 -mfpmath=sse -msse -std=gnu99 -mpreferred-stack-boundary=5 -lpostproc  -m32   -Wl,--large-address-aware -Wl,--nxcompat -Wl,--dynamicbase -lpthread -o conftest
/usr/lib/gcc/i686-pc-cygwin/4.5.3/../../../../i686-pc-cygwin/bin/ld: cannot find -lpostproc
collect2: ld 返回 1
--------------------------------------------------
Failed program was:
--------------------------------------------------
int main () {  return 0; }
--------------------------------------------------
checking for -lavcodec... no
Failed commandline was:
--------------------------------------------------
gcc conftest.c -m32  -Wall -I. -I$(SRCPATH) -march=i686 -mfpmath=sse -msse -std=gnu99 -mpreferred-stack-boundary=5 -lavcodec  -m32   -Wl,--large-address-aware -Wl,--nxcompat -Wl,--dynamicbase -lpthread -o conftest
/usr/lib/gcc/i686-pc-cygwin/4.5.3/../../../../i686-pc-cygwin/bin/ld: cannot find -lavcodec
collect2: ld 返回 1
--------------------------------------------------
Failed program was:
--------------------------------------------------
int main () {  return 0; }
--------------------------------------------------
checking for -lavcore... no
Failed commandline was:
--------------------------------------------------
gcc conftest.c -m32  -Wall -I. -I$(SRCPATH) -march=i686 -mfpmath=sse -msse -std=gnu99 -mpreferred-stack-boundary=5 -lavcore  -m32   -Wl,--large-address-aware -Wl,--nxcompat -Wl,--dynamicbase -lpthread -o conftest
/usr/lib/gcc/i686-pc-cygwin/4.5.3/../../../../i686-pc-cygwin/bin/ld: cannot find -lavcore
collect2: ld 返回 1
--------------------------------------------------
Failed program was:
--------------------------------------------------
int main () {  return 0; }
--------------------------------------------------
checking for -lswscale... no
Failed commandline was:
--------------------------------------------------
gcc conftest.c -m32  -Wall -I. -I$(SRCPATH) -march=i686 -mfpmath=sse -msse -std=gnu99 -mpreferred-stack-boundary=5 -lswscale  -m32   -Wl,--large-address-aware -Wl,--nxcompat -Wl,--dynamicbase -lpthread -o conftest
/usr/lib/gcc/i686-pc-cygwin/4.5.3/../../../../i686-pc-cygwin/bin/ld: cannot find -lswscale
collect2: ld 返回 1
--------------------------------------------------
Failed program was:
--------------------------------------------------
int main () {  return 0; }
--------------------------------------------------
checking for -lavutil... no
Failed commandline was:
--------------------------------------------------
gcc conftest.c -m32  -Wall -I. -I$(SRCPATH) -march=i686 -mfpmath=sse -msse -std=gnu99 -mpreferred-stack-boundary=5 -lavutil  -m32   -Wl,--large-address-aware -Wl,--nxcompat -Wl,--dynamicbase -lpthread -o conftest
/usr/lib/gcc/i686-pc-cygwin/4.5.3/../../../../i686-pc-cygwin/bin/ld: cannot find -lavutil
collect2: ld 返回 1
--------------------------------------------------
Failed program was:
--------------------------------------------------
int main () {  return 0; }
--------------------------------------------------
checking for -lm... yes
checking for -lz... yes
checking for -lbz2... no
Failed commandline was:
--------------------------------------------------
gcc conftest.c -m32  -Wall -I. -I$(SRCPATH) -march=i686 -mfpmath=sse -msse -std=gnu99 -mpreferred-stack-boundary=5 -lbz2  -m32   -Wl,--large-address-aware -Wl,--nxcompat -Wl,--dynamicbase -lpthread -o conftest
/usr/lib/gcc/i686-pc-cygwin/4.5.3/../../../../i686-pc-cygwin/bin/ld: cannot find -lbz2
collect2: ld 返回 1
--------------------------------------------------
Failed program was:
--------------------------------------------------
int main () {  return 0; }
--------------------------------------------------
checking for -lpthread... yes
checking for -lavifil32... yes
checking for avformat_close_input(0); in libavformat/avformat.h... no
Failed commandline was:
--------------------------------------------------
gcc conftest.c -m32  -Wall -I. -I$(SRCPATH) -march=i686 -mfpmath=sse -msse -std=gnu99 -mpreferred-stack-boundary=5  -L. -lavformat -lm -lz -lpthread -lavifil32  -m32   -Wl,--large-address-aware -Wl,--nxcompat -Wl,--dynamicbase -lpthread -o conftest
conftest.c:1:34: 致命错误：libavformat/avformat.h：No such file or directory
编译中断。
--------------------------------------------------
Failed program was:
--------------------------------------------------
#include <libavformat/avformat.h>
int main () { avformat_close_input(0); return 0; }
--------------------------------------------------
checking for FFMS_DestroyVideoSource(0); in ffms.h... no
Failed commandline was:
--------------------------------------------------
gcc conftest.c -m32  -Wall -I. -I$(SRCPATH) -march=i686 -mfpmath=sse -msse -std=gnu99 -mpreferred-stack-boundary=5  -lffms2  -m32   -Wl,--large-address-aware -Wl,--nxcompat -Wl,--dynamicbase -lpthread -o conftest
conftest.c:1:18: 致命错误：ffms.h：No such file or directory
编译中断。
--------------------------------------------------
Failed program was:
--------------------------------------------------
#include <ffms.h>
int main () { FFMS_DestroyVideoSource(0); return 0; }
--------------------------------------------------
checking for FFMS_DestroyVideoSource(0); in ffms.h... no
Failed commandline was:
--------------------------------------------------
gcc conftest.c -m32  -Wall -I. -I$(SRCPATH) -march=i686 -mfpmath=sse -msse -std=gnu99 -mpreferred-stack-boundary=5  -lffms2 -lstdc++ -L. -lavformat -lm -lz -lpthread -lavifil32  -m32   -Wl,--large-address-aware -Wl,--nxcompat -Wl,--dynamicbase -lpthread -o conftest
conftest.c:1:18: 致命错误：ffms.h：No such file or directory
编译中断。
--------------------------------------------------
Failed program was:
--------------------------------------------------
#include <ffms.h>
int main () { FFMS_DestroyVideoSource(0); return 0; }
--------------------------------------------------
checking for -lz... yes
checking for gpac/isomedia.h... no
Failed commandline was:
--------------------------------------------------
gcc conftest.c -m32  -Wall -I. -I$(SRCPATH) -march=i686 -mfpmath=sse -msse -std=gnu99 -mpreferred-stack-boundary=5 -lgpac_static -lz  -m32   -Wl,--large-address-aware -Wl,--nxcompat -Wl,--dynamicbase -lpthread -o conftest
conftest.c:1:27: 致命错误：gpac/isomedia.h：No such file or directory
编译中断。
--------------------------------------------------
Failed program was:
--------------------------------------------------
#include <gpac/isomedia.h>
int main () {  return 0; }
--------------------------------------------------
checking for LoadLibrary(0); in windows.h... yes
checking for uint32_t test_vec __attribute__ ((vector_size (16))) = {0,1,2,3}; in stdint.h... yes
checking for -fno-tree-vectorize... yes
checking for fseeko(stdin,0,0); in stdio.h... yes
checking for -Wshadow... yes
checking for perl... yes
checking for LoadLibrary(0); in windows.h... yes

platform:      X86
system:        CYGWIN
cli:           yes
libx264:       internal
shared:        no
static:        no
asm:           yes
interlaced:    yes
avs:           avisynth
lavf:          no
ffms:          no
gpac:          no
gpl:           yes
thread:        posix
opencl:        yes
filters:       crop select_every 
debug:         no
gprof:         no
strip:         no
PIC:           no
visualize:     no
bit depth:     8
chroma format: all
